0 info it worked if it ends with ok
1 verbose cli [ 'C:\\Program Files\\nodejs\\node.exe',
1 verbose cli   'C:\\Program Files\\nodejs\\node_modules\\npm\\bin\\npm-cli.js',
1 verbose cli   'run',
1 verbose cli   'hot' ]
2 info using npm@3.8.9
3 info using node@v6.2.0
4 verbose run-script [ 'prehot', 'hot', 'posthot' ]
5 info lifecycle treasure-app@1.0.1~prehot: treasure-app@1.0.1
6 silly lifecycle treasure-app@1.0.1~prehot: no script for prehot, continuing
7 info lifecycle treasure-app@1.0.1~hot: treasure-app@1.0.1
8 verbose lifecycle treasure-app@1.0.1~hot: unsafe-perm in lifecycle true
9 verbose lifecycle treasure-app@1.0.1~hot: PATH: C:\Program Files\nodejs\node_modules\npm\bin\node-gyp-bin;F:\jfz-app\treasure-app\node_modules\.bin;C:\Program Files\nodejs;D:\Ruby23-x64\bin;C:\Windows\system32;C:\Windows;C:\Windows\System32\Wbem;C:\Windows\System32\WindowsPowerShell\v1.0\;C:\Program Files\nodejs\;D:\Program Files\TortoiseSVN\bin;D:\Program Files (x86)\Git\cmd;C:\Users\major.miao\AppData\Roaming\npm
10 verbose lifecycle treasure-app@1.0.1~hot: CWD: F:\jfz-app\treasure-app
11 silly lifecycle treasure-app@1.0.1~hot: Args: [ '/d /s /c', 'node server_hot.js' ]
12 silly lifecycle treasure-app@1.0.1~hot: Returned: code: 1  signal: null
13 info lifecycle treasure-app@1.0.1~hot: Failed to exec hot script
14 verbose stack Error: treasure-app@1.0.1 hot: `node server_hot.js`
14 verbose stack Exit status 1
14 verbose stack     at EventEmitter.<anonymous> (C:\Program Files\nodejs\node_modules\npm\lib\utils\lifecycle.js:245:16)
14 verbose stack     at emitTwo (events.js:106:13)
14 verbose stack     at EventEmitter.emit (events.js:191:7)
14 verbose stack     at ChildProcess.<anonymous> (C:\Program Files\nodejs\node_modules\npm\lib\utils\spawn.js:24:14)
14 verbose stack     at emitTwo (events.js:106:13)
14 verbose stack     at ChildProcess.emit (events.js:191:7)
14 verbose stack     at maybeClose (internal/child_process.js:850:16)
14 verbose stack     at Process.ChildProcess._handle.onexit (internal/child_process.js:215:5)
15 verbose pkgid treasure-app@1.0.1
16 verbose cwd F:\jfz-app\treasure-app\src
17 error Windows_NT 6.1.7601
18 error argv "C:\\Program Files\\nodejs\\node.exe" "C:\\Program Files\\nodejs\\node_modules\\npm\\bin\\npm-cli.js" "run" "hot"
19 error node v6.2.0
20 error npm  v3.8.9
21 error code ELIFECYCLE
22 error treasure-app@1.0.1 hot: `node server_hot.js`
22 error Exit status 1
23 error Failed at the treasure-app@1.0.1 hot script 'node server_hot.js'.
23 error Make sure you have the latest version of node.js and npm installed.
23 error If you do, this is most likely a problem with the treasure-app package,
23 error not with npm itself.
23 error Tell the author that this fails on your system:
23 error     node server_hot.js
23 error You can get information on how to open an issue for this project with:
23 error     npm bugs treasure-app
23 error Or if that isn't available, you can get their info via:
23 error     npm owner ls treasure-app
23 error There is likely additional logging output above.
24 verbose exit [ 1, true ]
